Replace Part C? Capacitor in E:\Dropbox\Electro\Projects\AQCA\Control-Interface\AQCA-Control-IO-B0.SchDoc with Capacitor from Megaxone.SCHLIB
Replace Part C? Capacitor in E:\Dropbox\Electro\Projects\AQCA\Control-Interface\AQCA-Control-IO-B0.SchDoc with Capacitor from Megaxone.SCHLIB
Replace Part C? Capacitor in E:\Dropbox\Electro\Projects\AQCA\Control-Interface\AQCA-Control-IO-B0.SchDoc with Capacitor from Megaxone.SCHLIB
Replace Part C? Capacitor in E:\Dropbox\Electro\Projects\AQCA\Control-Interface\AQCA-Control-IO-B0.SchDoc with Capacitor from Megaxone.SCHLIB
Replace Part C? Capacitor in E:\Dropbox\Electro\Projects\AQCA\Control-Interface\AQCA-Control-IO-B0.SchDoc with Capacitor from Megaxone.SCHLIB
Replace Part C? Capacitor in E:\Dropbox\Electro\Projects\AQCA\Control-Interface\AQCA-Control-IO-B0.SchDoc with Capacitor from Megaxone.SCHLIB
Replace Part C? Capacitor in E:\Dropbox\Electro\Projects\AQCA\Control-Interface\AQCA-Control-IO-B0.SchDoc with Capacitor from Megaxone.SCHLIB
Replace Part C? Capacitor in E:\Dropbox\Electro\Projects\AQCA\Control-Interface\AQCA-Control-IO-B0.SchDoc with Capacitor from Megaxone.SCHLIB
Replace Part C? Capacitor in E:\Dropbox\Electro\Projects\AQCA\Control-Interface\AQCA-Control-IO-B0.SchDoc with Capacitor from Megaxone.SCHLIB
Replace Part C? Capacitor in E:\Dropbox\Electro\Projects\AQCA\Control-Interface\AQCA-Control-IO-B0.SchDoc with Capacitor from Megaxone.SCHLIB
Replace Part C? Capacitor in E:\Dropbox\Electro\Projects\AQCA\Control-Interface\AQCA-Control-IO-B0.SchDoc with Capacitor from Megaxone.SCHLIB
Replace Part C? Capacitor in E:\Dropbox\Electro\Projects\AQCA\Control-Interface\AQCA-Control-IO-B0.SchDoc with Capacitor from Megaxone.SCHLIB
Replace Part C? Capacitor in E:\Dropbox\Electro\Projects\AQCA\Control-Interface\AQCA-Control-IO-B0.SchDoc with Capacitor from Megaxone.SCHLIB
Replace Part CON? Header 3 in E:\Dropbox\Electro\Projects\AQCA\Control-Interface\AQCA-Control-IO-B0.SchDoc with Header 3 from Miscellaneous Connectors.IntLib
Replace Part CON? Header 3 in E:\Dropbox\Electro\Projects\AQCA\Control-Interface\AQCA-Control-IO-B0.SchDoc with Header 3 from Miscellaneous Connectors.IntLib
Replace Part ECC? BNC in E:\Dropbox\Electro\Projects\AQCA\Control-Interface\AQCA-Control-IO-B0.SchDoc with BNC from Miscellaneous Connectors.IntLib
Replace Part FB? Inductor in E:\Dropbox\Electro\Projects\AQCA\Control-Interface\AQCA-Control-IO-B0.SchDoc with Inductor from Megaxone.SCHLIB
Replace Part PH? BNC in E:\Dropbox\Electro\Projects\AQCA\Control-Interface\AQCA-Control-IO-B0.SchDoc with BNC from Miscellaneous Connectors.IntLib
Replace Part Q? PNP in E:\Dropbox\Electro\Projects\AQCA\Control-Interface\AQCA-Control-IO-B0.SchDoc with PNP from Megaxone.SCHLIB
Replace Part R? Resistor in E:\Dropbox\Electro\Projects\AQCA\Control-Interface\AQCA-Control-IO-B0.SchDoc with Resistor from Megaxone.SCHLIB
Replace Part R? Resistor in E:\Dropbox\Electro\Projects\AQCA\Control-Interface\AQCA-Control-IO-B0.SchDoc with Resistor from Megaxone.SCHLIB
Replace Part R? Resistor in E:\Dropbox\Electro\Projects\AQCA\Control-Interface\AQCA-Control-IO-B0.SchDoc with Resistor from Megaxone.SCHLIB
Replace Part R? Resistor in E:\Dropbox\Electro\Projects\AQCA\Control-Interface\AQCA-Control-IO-B0.SchDoc with Resistor from Megaxone.SCHLIB
Replace Part R? Resistor in E:\Dropbox\Electro\Projects\AQCA\Control-Interface\AQCA-Control-IO-B0.SchDoc with Resistor from Megaxone.SCHLIB
Replace Part R? Resistor in E:\Dropbox\Electro\Projects\AQCA\Control-Interface\AQCA-Control-IO-B0.SchDoc with Resistor from Megaxone.SCHLIB
Replace Part R? Resistor in E:\Dropbox\Electro\Projects\AQCA\Control-Interface\AQCA-Control-IO-B0.SchDoc with Resistor from Megaxone.SCHLIB
Replace Part R? Resistor in E:\Dropbox\Electro\Projects\AQCA\Control-Interface\AQCA-Control-IO-B0.SchDoc with Resistor from Megaxone.SCHLIB
Replace Part U? PIC32MX250FxxxD in E:\Dropbox\Electro\Projects\AQCA\Control-Interface\AQCA-Control-IO-B0.SchDoc with PIC32MX250FxxxD from Megaxone.SCHLIB
Replace Part U? Opamp dual in E:\Dropbox\Electro\Projects\AQCA\Control-Interface\AQCA-Control-IO-B0.SchDoc with Opamp dual from Megaxone.SCHLIB
Replace Part U? Opamp dual in E:\Dropbox\Electro\Projects\AQCA\Control-Interface\AQCA-Control-IO-B0.SchDoc with Opamp dual from Megaxone.SCHLIB
Replace Part USB? USB-Conn Mini-B SMD in E:\Dropbox\Electro\Projects\AQCA\Control-Interface\AQCA-Control-IO-B0.SchDoc with USB-Conn Mini-B SMD from Megaxone.SCHLIB
Replace Part X? Crystal in E:\Dropbox\Electro\Projects\AQCA\Control-Interface\AQCA-Control-IO-B0.SchDoc with Crystal from Megaxone.SCHLIB
