Removed Pin From Net: NetName=NetLED4_KB Pin=LED4-1
Removed Pin From Net: NetName=NetLED4_KB Pin=LED4-5
Removed Pin From Net: NetName=VSS Pin=Q3-2
Removed Pin From Net: NetName=NetLED4_KB Pin=Q3-3
Removed Pin From Net: NetName=VSS Pin=Q4-2
Removed Pin From Net: NetName=VSS Pin=Q5-2
Removed Pin From Net: NetName=NetLED4_AR Pin=R21-2
Removed Pin From Net: NetName=NetQ3_1 Pin=R25-2
Removed Pin From Net: NetName=NetQ4_1 Pin=R26-2
Removed Pin From Net: NetName=VSS Pin=X1-3
Change Component DesignItemId : Designator=LED4 Old DesignItemId=LED RGB New DesignItemId=LED RGB common A
Change Component DesignItemId : Designator=LED5 Old DesignItemId=LED RGB New DesignItemId=LED RGB common A
Change Component DesignItemId : Designator=LED6 Old DesignItemId=LED RGB New DesignItemId=LED RGB common A
Change Component DesignItemId : Designator=Q3 Old DesignItemId=MOSFET N-Ch New DesignItemId=MOSFET P-Ch
Change Component DesignItemId : Designator=Q4 Old DesignItemId=MOSFET N-Ch New DesignItemId=MOSFET P-Ch
Change Component DesignItemId : Designator=Q5 Old DesignItemId=MOSFET N-Ch New DesignItemId=MOSFET P-Ch
Change Component Footprint: Designator=LED4 Old Footprint=LED PLCC-6 New Footprint=LED 3528m
Change Component Footprint: Designator=LED5 Old Footprint=LED PLCC-6 New Footprint=LED 3528m
Change Component Footprint: Designator=LED6 Old Footprint=LED PLCC-6 New Footprint=LED 3528m
Change Component Comment : Designator=Q3 Old Comment=2N7002 New Comment=MOSFET P-Ch
Change Component Comment : Designator=Q4 Old Comment=2N7002 New Comment=MOSFET P-Ch
Change Component Comment : Designator=Q5 Old Comment=2N7002 New Comment=MOSFET P-Ch
Change Component Comment : Designator=LED4 Old Comment=LED RGB New Comment=LED RGB common A
Change Component Comment : Designator=LED5 Old Comment=LED RGB New Comment=LED RGB common A
Change Component Comment : Designator=LED6 Old Comment=LED RGB New Comment=LED RGB common A
Added Component: Designator=A2(TACT SMD 4.5×4.5mm)
Added Component: Designator=B2(TACT SMD 4.5×4.5mm)
Added Component: Designator=C2(TACT SMD 4.5×4.5mm)
Added Pin To Net: NetName=NetA_1 Pin=A2-1
Added Pin To Net: NetName=NetA_2 Pin=A2-4
Added Pin To Net: NetName=NetB_1 Pin=B2-1
Added Pin To Net: NetName=NetA_2 Pin=B2-4
Added Pin To Net: NetName=NetC_1 Pin=C2-1
Added Pin To Net: NetName=NetA_2 Pin=C2-4
Added Pin To Net: NetName=NetLED4_KB Pin=LED5-3
Added Pin To Net: NetName=NetLED4_KB Pin=LED6-3
Added Pin To Net: NetName=VDD Pin=Q3-3
Added Pin To Net: NetName=VDD Pin=Q4-3
Added Pin To Net: NetName=VDD Pin=Q5-3
Added Pin To Net: NetName=NetLED4_AR Pin=R22-2
Added Pin To Net: NetName=NetLED4_KB Pin=R24-2
Added Pin To Net: NetName=NetQ3_1 Pin=R25-1
Added Pin To Net: NetName=NetQ4_1 Pin=R26-1
Change Net Name : Old Net Name=NetA_1 New Net Name=NetA2_1
Change Net Name : Old Net Name=NetA_2 New Net Name=NetA2_2
Change Net Name : Old Net Name=NetB_1 New Net Name=NetB2_1
Change Net Name : Old Net Name=NetC_1 New Net Name=NetC2_1
Change Net Name : Old Net Name=NetLED4_AR New Net Name=NetLED4_KG
Added Pin To Net: NetName=NetLED4_A Pin=LED4-2
Added Pin To Net: NetName=NetLED4_A Pin=Q3-2
Added Net: Name=NetLED4_A
Added Pin To Net: NetName=NetLED4_KR Pin=LED4-1
Added Pin To Net: NetName=NetLED4_KR Pin=LED5-1
Added Pin To Net: NetName=NetLED4_KR Pin=LED6-1
Added Pin To Net: NetName=NetLED4_KR Pin=R21-2
Added Net: Name=NetLED4_KR
Added Pin To Net: NetName=NetLED5_A Pin=LED5-2
Added Pin To Net: NetName=NetLED5_A Pin=Q4-2
Added Net: Name=NetLED5_A
Added Pin To Net: NetName=NetLED6_A Pin=LED6-2
Added Pin To Net: NetName=NetLED6_A Pin=Q5-2
Added Net: Name=NetLED6_A
Added Pin To Net: NetName=NetR25_2 Pin=R25-2
Added Net: Name=NetR25_2
Added Pin To Net: NetName=NetR26_2 Pin=R26-2
Added Net: Name=NetR26_2
Added Member To Class: ClassName=AQCA-Control-IO-B0 Member=Component A2 Tact Button NO
Added Member To Class: ClassName=AQCA-Control-IO-B0 Member=Component A Tact Button NO
Added Member To Class: ClassName=AQCA-Control-IO-B0 Member=Component B2 Tact Button NO
Added Member To Class: ClassName=AQCA-Control-IO-B0 Member=Component C2 Tact Button NO
Added Member To Class: ClassName=AQCA-Control-IO-B0 Member=Component R31 10K
