Added Pin To Net: NetName=NetDOWN_2 Pin=ICSP-4
Added Pin To Net: NetName=NetA2_2 Pin=ICSP-5
Added Pin To Net: NetName=NetCON1_8 Pin=U2-1
Added Pin To Net: NetName=NetLCD1_6 Pin=U2-2
Added Pin To Net: NetName=NetLCD1_7 Pin=U2-3
Added Pin To Net: NetName=NetLCD1_8 Pin=U2-4
Added Pin To Net: NetName=NetLCD1_12 Pin=U2-11
Added Pin To Net: NetName=NetDOWN_2 Pin=U2-12
Added Pin To Net: NetName=NetA2_2 Pin=U2-13
Added Pin To Net: NetName=NetLCD1_9 Pin=U2-14
Added Pin To Net: NetName=NetC13_1 Pin=U2-19
Added Pin To Net: NetName=NetA2_1 Pin=U2-21
Added Pin To Net: NetName=NetB2_1 Pin=U2-22
Added Pin To Net: NetName=NetC2_1 Pin=U2-23
Added Pin To Net: NetName=NetDOWN_1 Pin=U2-24
Added Pin To Net: NetName=NetR3_1 Pin=U2-25
Added Pin To Net: NetName=NetCON3_3 Pin=U2-26
Added Pin To Net: NetName=NetR27_1 Pin=U2-27
Added Pin To Net: NetName=NetR13_2 Pin=U2-36
Added Pin To Net: NetName=NetR24_1 Pin=U2-37
Added Pin To Net: NetName=NetR26_2 Pin=U2-38
Added Pin To Net: NetName=NetR25_2 Pin=U2-41
Added Pin To Net: NetName=NetR22_1 Pin=U2-43
Added Pin To Net: NetName=NetR21_1 Pin=U2-44
Added Pin To Net: NetName=NetU2_15 Pin=U2-15
Added Net: Name=NetU2_15
Added Pin To Net: NetName=NetU2_20 Pin=U2-20
Added Net: Name=NetU2_20
Added Pin To Net: NetName=NetU2_32 Pin=U2-32
Added Pin To Net: NetName=NetU2_32 Pin=U3-2
Added Net: Name=NetU2_32
Added Pin To Net: NetName=NetU2_33 Pin=U2-33
Added Pin To Net: NetName=NetU2_33 Pin=U3-4
Added Pin To Net: NetName=NetU2_33 Pin=U3-14
Added Net: Name=NetU2_33
Added Pin To Net: NetName=NetU2_34 Pin=U2-34
Added Pin To Net: NetName=NetU2_34 Pin=U3-3
Added Net: Name=NetU2_34
Added Pin To Net: NetName=NetU2_35 Pin=U2-35
Added Pin To Net: NetName=NetU2_35 Pin=U3-6
Added Pin To Net: NetName=NetU2_35 Pin=U3-16
Added Net: Name=NetU2_35
