Replace Part C1 Capacitor Polarised in E:\Dropbox\Electro\Projects\AQCA\Control-Interface\AQCA-Control-Power-B0.SchDoc with Capacitor Polarised from Megaxone.SCHLIB
Replace Part C2 Capacitor Polarised in E:\Dropbox\Electro\Projects\AQCA\Control-Interface\AQCA-Control-Power-B0.SchDoc with Capacitor Polarised from Megaxone.SCHLIB
Replace Part C? Capacitor Polarised in E:\Dropbox\Electro\Projects\AQCA\Control-Interface\AQCA-Control-Power-B0.SchDoc with Capacitor Polarised from Megaxone.SCHLIB
Replace Part C? Capacitor Polarised in E:\Dropbox\Electro\Projects\AQCA\Control-Interface\AQCA-Control-Power-B0.SchDoc with Capacitor Polarised from Megaxone.SCHLIB
Replace Part C? Capacitor Polarised in E:\Dropbox\Electro\Projects\AQCA\Control-Interface\AQCA-Control-Power-B0.SchDoc with Capacitor Polarised from Megaxone.SCHLIB
Replace Part C? Capacitor Polarised in E:\Dropbox\Electro\Projects\AQCA\Control-Interface\AQCA-Control-Power-B0.SchDoc with Capacitor Polarised from Megaxone.SCHLIB
Replace Part C? Capacitor in E:\Dropbox\Electro\Projects\AQCA\Control-Interface\AQCA-Control-Power-B0.SchDoc with Capacitor from Megaxone.SCHLIB
Replace Part C? Capacitor in E:\Dropbox\Electro\Projects\AQCA\Control-Interface\AQCA-Control-Power-B0.SchDoc with Capacitor from Megaxone.SCHLIB
Replace Part C? Capacitor in E:\Dropbox\Electro\Projects\AQCA\Control-Interface\AQCA-Control-Power-B0.SchDoc with Capacitor from Megaxone.SCHLIB
Replace Part C? Capacitor in E:\Dropbox\Electro\Projects\AQCA\Control-Interface\AQCA-Control-Power-B0.SchDoc with Capacitor from Megaxone.SCHLIB
Replace Part C? Capacitor in E:\Dropbox\Electro\Projects\AQCA\Control-Interface\AQCA-Control-Power-B0.SchDoc with Capacitor from Megaxone.SCHLIB
Replace Part C? Capacitor in E:\Dropbox\Electro\Projects\AQCA\Control-Interface\AQCA-Control-Power-B0.SchDoc with Capacitor from Megaxone.SCHLIB
Replace Part C? Capacitor in E:\Dropbox\Electro\Projects\AQCA\Control-Interface\AQCA-Control-Power-B0.SchDoc with Capacitor from Megaxone.SCHLIB
Replace Part C? Capacitor in E:\Dropbox\Electro\Projects\AQCA\Control-Interface\AQCA-Control-Power-B0.SchDoc with Capacitor from Megaxone.SCHLIB
Replace Part C? Capacitor in E:\Dropbox\Electro\Projects\AQCA\Control-Interface\AQCA-Control-Power-B0.SchDoc with Capacitor from Megaxone.SCHLIB
Replace Part C? Capacitor in E:\Dropbox\Electro\Projects\AQCA\Control-Interface\AQCA-Control-Power-B0.SchDoc with Capacitor from Megaxone.SCHLIB
Replace Part C? Capacitor in E:\Dropbox\Electro\Projects\AQCA\Control-Interface\AQCA-Control-Power-B0.SchDoc with Capacitor from Megaxone.SCHLIB
Replace Part C? Capacitor in E:\Dropbox\Electro\Projects\AQCA\Control-Interface\AQCA-Control-Power-B0.SchDoc with Capacitor from Megaxone.SCHLIB
Replace Part C? Capacitor in E:\Dropbox\Electro\Projects\AQCA\Control-Interface\AQCA-Control-Power-B0.SchDoc with Capacitor from Megaxone.SCHLIB
Replace Part C? Capacitor in E:\Dropbox\Electro\Projects\AQCA\Control-Interface\AQCA-Control-Power-B0.SchDoc with Capacitor from Megaxone.SCHLIB
Replace Part C? Capacitor in E:\Dropbox\Electro\Projects\AQCA\Control-Interface\AQCA-Control-Power-B0.SchDoc with Capacitor from Megaxone.SCHLIB
Replace Part C? Capacitor in E:\Dropbox\Electro\Projects\AQCA\Control-Interface\AQCA-Control-Power-B0.SchDoc with Capacitor from Megaxone.SCHLIB
Replace Part C? Capacitor in E:\Dropbox\Electro\Projects\AQCA\Control-Interface\AQCA-Control-Power-B0.SchDoc with Capacitor from Megaxone.SCHLIB
Replace Part C? Capacitor in E:\Dropbox\Electro\Projects\AQCA\Control-Interface\AQCA-Control-Power-B0.SchDoc with Capacitor from Megaxone.SCHLIB
Replace Part C? Capacitor in E:\Dropbox\Electro\Projects\AQCA\Control-Interface\AQCA-Control-Power-B0.SchDoc with Capacitor from Megaxone.SCHLIB
Replace Part C? Capacitor in E:\Dropbox\Electro\Projects\AQCA\Control-Interface\AQCA-Control-Power-B0.SchDoc with Capacitor from Megaxone.SCHLIB
Replace Part C? Capacitor in E:\Dropbox\Electro\Projects\AQCA\Control-Interface\AQCA-Control-Power-B0.SchDoc with Capacitor from Megaxone.SCHLIB
Replace Part C? Capacitor in E:\Dropbox\Electro\Projects\AQCA\Control-Interface\AQCA-Control-Power-B0.SchDoc with Capacitor from Megaxone.SCHLIB
Replace Part CON1 Molex Mini-Fit 24pin in E:\Dropbox\Electro\Projects\AQCA\Control-Interface\AQCA-Control-Power-B0.SchDoc with Molex Mini-Fit 24pin from Megaxone.SCHLIB
Replace Part CON2 Molex Mini-Fit 4pin in E:\Dropbox\Electro\Projects\AQCA\Control-Interface\AQCA-Control-Power-B0.SchDoc with Molex Mini-Fit 4pin from Megaxone.SCHLIB
Replace Part L? Inductor in E:\Dropbox\Electro\Projects\AQCA\Control-Interface\AQCA-Control-Power-B0.SchDoc with Inductor from Megaxone.SCHLIB
Replace Part L? Inductor in E:\Dropbox\Electro\Projects\AQCA\Control-Interface\AQCA-Control-Power-B0.SchDoc with Inductor from Megaxone.SCHLIB
Replace Part L? Inductor in E:\Dropbox\Electro\Projects\AQCA\Control-Interface\AQCA-Control-Power-B0.SchDoc with Inductor from Megaxone.SCHLIB
Replace Part L? Inductor in E:\Dropbox\Electro\Projects\AQCA\Control-Interface\AQCA-Control-Power-B0.SchDoc with Inductor from Megaxone.SCHLIB
Replace Part LED? LED in E:\Dropbox\Electro\Projects\AQCA\Control-Interface\AQCA-Control-Power-B0.SchDoc with LED from Megaxone.SCHLIB
Replace Part LED? LED in E:\Dropbox\Electro\Projects\AQCA\Control-Interface\AQCA-Control-Power-B0.SchDoc with LED from Megaxone.SCHLIB
Replace Part Q? NPN in E:\Dropbox\Electro\Projects\AQCA\Control-Interface\AQCA-Control-Power-B0.SchDoc with NPN from Megaxone.SCHLIB
Replace Part R? Resistor in E:\Dropbox\Electro\Projects\AQCA\Control-Interface\AQCA-Control-Power-B0.SchDoc with Resistor from Megaxone.SCHLIB
Replace Part R? Resistor in E:\Dropbox\Electro\Projects\AQCA\Control-Interface\AQCA-Control-Power-B0.SchDoc with Resistor from Megaxone.SCHLIB
Replace Part R? Resistor in E:\Dropbox\Electro\Projects\AQCA\Control-Interface\AQCA-Control-Power-B0.SchDoc with Resistor from Megaxone.SCHLIB
Replace Part R? Resistor in E:\Dropbox\Electro\Projects\AQCA\Control-Interface\AQCA-Control-Power-B0.SchDoc with Resistor from Megaxone.SCHLIB
Replace Part R? Resistor in E:\Dropbox\Electro\Projects\AQCA\Control-Interface\AQCA-Control-Power-B0.SchDoc with Resistor from Megaxone.SCHLIB
Replace Part R? Resistor in E:\Dropbox\Electro\Projects\AQCA\Control-Interface\AQCA-Control-Power-B0.SchDoc with Resistor from Megaxone.SCHLIB
Replace Part R? Resistor in E:\Dropbox\Electro\Projects\AQCA\Control-Interface\AQCA-Control-Power-B0.SchDoc with Resistor from Megaxone.SCHLIB
Replace Part TEC? High-Power Connector 2p in E:\Dropbox\Electro\Projects\AQCA\Control-Interface\AQCA-Control-Power-B0.SchDoc with High-Power Connector 2p from Megaxone.SCHLIB
Replace Part TEC? High-Power Connector 2p in E:\Dropbox\Electro\Projects\AQCA\Control-Interface\AQCA-Control-Power-B0.SchDoc with High-Power Connector 2p from Megaxone.SCHLIB
Replace Part U? DRV8432 in E:\Dropbox\Electro\Projects\AQCA\Control-Interface\AQCA-Control-Power-B0.SchDoc with DRV8432 from Megaxone.SCHLIB
