Replace Symbol from C? Capacitor in E:\Dropbox\Electro\Projects\AQCA\Control-Interface\AQCA-Control-IO-B0.SchDoc with Capacitor from Megaxone.SCHLIB
Replace Symbol from C? Capacitor in E:\Dropbox\Electro\Projects\AQCA\Control-Interface\AQCA-Control-IO-B0.SchDoc with Capacitor from Megaxone.SCHLIB
Replace Symbol from C? Capacitor in E:\Dropbox\Electro\Projects\AQCA\Control-Interface\AQCA-Control-IO-B0.SchDoc with Capacitor from Megaxone.SCHLIB
Replace Symbol from C? Capacitor in E:\Dropbox\Electro\Projects\AQCA\Control-Interface\AQCA-Control-IO-B0.SchDoc with Capacitor from Megaxone.SCHLIB
Replace Symbol from C? Capacitor in E:\Dropbox\Electro\Projects\AQCA\Control-Interface\AQCA-Control-IO-B0.SchDoc with Capacitor from Megaxone.SCHLIB
Replace Symbol from C? Capacitor in E:\Dropbox\Electro\Projects\AQCA\Control-Interface\AQCA-Control-IO-B0.SchDoc with Capacitor from Megaxone.SCHLIB
Replace Symbol from C? Capacitor in E:\Dropbox\Electro\Projects\AQCA\Control-Interface\AQCA-Control-IO-B0.SchDoc with Capacitor from Megaxone.SCHLIB
Replace Symbol from C? Capacitor in E:\Dropbox\Electro\Projects\AQCA\Control-Interface\AQCA-Control-IO-B0.SchDoc with Capacitor from Megaxone.SCHLIB
Replace Symbol from C? Capacitor in E:\Dropbox\Electro\Projects\AQCA\Control-Interface\AQCA-Control-IO-B0.SchDoc with Capacitor from Megaxone.SCHLIB
Replace Symbol from C? Capacitor in E:\Dropbox\Electro\Projects\AQCA\Control-Interface\AQCA-Control-IO-B0.SchDoc with Capacitor from Megaxone.SCHLIB
Replace Symbol from C? Capacitor in E:\Dropbox\Electro\Projects\AQCA\Control-Interface\AQCA-Control-IO-B0.SchDoc with Capacitor from Megaxone.SCHLIB
Replace Symbol from C? Capacitor in E:\Dropbox\Electro\Projects\AQCA\Control-Interface\AQCA-Control-IO-B0.SchDoc with Capacitor from Megaxone.SCHLIB
Replace Symbol from C? Capacitor in E:\Dropbox\Electro\Projects\AQCA\Control-Interface\AQCA-Control-IO-B0.SchDoc with Capacitor from Megaxone.SCHLIB
Replace Symbol from CON? Header 3 in E:\Dropbox\Electro\Projects\AQCA\Control-Interface\AQCA-Control-IO-B0.SchDoc with Header 3 from Miscellaneous Connectors.IntLib
Replace Symbol from CON? Header 3 in E:\Dropbox\Electro\Projects\AQCA\Control-Interface\AQCA-Control-IO-B0.SchDoc with Header 3 from Miscellaneous Connectors.IntLib
Replace Symbol from ECC? BNC in E:\Dropbox\Electro\Projects\AQCA\Control-Interface\AQCA-Control-IO-B0.SchDoc with BNC from Miscellaneous Connectors.IntLib
Replace Symbol from FB? Inductor in E:\Dropbox\Electro\Projects\AQCA\Control-Interface\AQCA-Control-IO-B0.SchDoc with Inductor from Megaxone.SCHLIB
Replace Symbol from PH? BNC in E:\Dropbox\Electro\Projects\AQCA\Control-Interface\AQCA-Control-IO-B0.SchDoc with BNC from Miscellaneous Connectors.IntLib
Replace Symbol from Q? PNP in E:\Dropbox\Electro\Projects\AQCA\Control-Interface\AQCA-Control-IO-B0.SchDoc with PNP from Megaxone.SCHLIB
Replace Symbol from R? Resistor in E:\Dropbox\Electro\Projects\AQCA\Control-Interface\AQCA-Control-IO-B0.SchDoc with Resistor from Megaxone.SCHLIB
Replace Symbol from R? Resistor in E:\Dropbox\Electro\Projects\AQCA\Control-Interface\AQCA-Control-IO-B0.SchDoc with Resistor from Megaxone.SCHLIB
Replace Symbol from R? Resistor in E:\Dropbox\Electro\Projects\AQCA\Control-Interface\AQCA-Control-IO-B0.SchDoc with Resistor from Megaxone.SCHLIB
Replace Symbol from R? Resistor in E:\Dropbox\Electro\Projects\AQCA\Control-Interface\AQCA-Control-IO-B0.SchDoc with Resistor from Megaxone.SCHLIB
Replace Symbol from R? Resistor in E:\Dropbox\Electro\Projects\AQCA\Control-Interface\AQCA-Control-IO-B0.SchDoc with Resistor from Megaxone.SCHLIB
Replace Symbol from R? Resistor in E:\Dropbox\Electro\Projects\AQCA\Control-Interface\AQCA-Control-IO-B0.SchDoc with Resistor from Megaxone.SCHLIB
Replace Symbol from R? Resistor in E:\Dropbox\Electro\Projects\AQCA\Control-Interface\AQCA-Control-IO-B0.SchDoc with Resistor from Megaxone.SCHLIB
Replace Symbol from R? Resistor in E:\Dropbox\Electro\Projects\AQCA\Control-Interface\AQCA-Control-IO-B0.SchDoc with Resistor from Megaxone.SCHLIB
Replace Symbol from U? PIC32MX250FxxxD in E:\Dropbox\Electro\Projects\AQCA\Control-Interface\AQCA-Control-IO-B0.SchDoc with PIC32MX250FxxxD from Megaxone.SCHLIB
Replace Symbol from U? Opamp dual in E:\Dropbox\Electro\Projects\AQCA\Control-Interface\AQCA-Control-IO-B0.SchDoc with Opamp dual from Megaxone.SCHLIB
Replace Symbol from U? Opamp dual in E:\Dropbox\Electro\Projects\AQCA\Control-Interface\AQCA-Control-IO-B0.SchDoc with Opamp dual from Megaxone.SCHLIB
Replace Symbol from USB? USB-Conn Mini-B SMD in E:\Dropbox\Electro\Projects\AQCA\Control-Interface\AQCA-Control-IO-B0.SchDoc with USB-Conn Mini-B SMD from Megaxone.SCHLIB
Replace Symbol from X? Crystal in E:\Dropbox\Electro\Projects\AQCA\Control-Interface\AQCA-Control-IO-B0.SchDoc with Crystal from Megaxone.SCHLIB
