Removed Pin From Net: NetName=NetC11_2 Pin=C12-2
Removed Pin From Net: NetName=NetC11_2 Pin=L3-2
Removed Pin From Net: NetName=NetC24_1 Pin=U3-12
Removed Pin From Net: NetName=GND Pin=U3-14
Removed Pin From Net: NetName=GND Pin=U3-16
Change Component Designator: OldDesignator=P1 NewDesignator=TEC1
Added Component: Designator=C?(CAPC3225N)
Added Component: Designator=C?(CAPC3225N)
Added Component: Designator=TEC2(High-Power Connector 2)
Added Pin To Net: NetName=AGND Pin=U3-12
Added Pin To Net: NetName=NetU1_40 Pin=U3-14
Added Pin To Net: NetName=NetU1_41 Pin=U3-16
Added Pin To Net: NetName=NetC12_2 Pin=C12-2
Added Pin To Net: NetName=NetC12_2 Pin=C13-1
Added Pin To Net: NetName=NetC12_2 Pin=C14-1
Added Pin To Net: NetName=NetC12_2 Pin=L3-2
Added Pin To Net: NetName=NetC12_2 Pin=TEC1-2
Added Net: Name=NetC12_2
Added Pin To Net: NetName=NetC15_2 Pin=C15-2
Added Pin To Net: NetName=NetC15_2 Pin=C?-2
Added Pin To Net: NetName=NetC15_2 Pin=C?-2
Added Pin To Net: NetName=NetC15_2 Pin=L4-2
Added Pin To Net: NetName=NetC15_2 Pin=TEC2-1
Added Net: Name=NetC15_2
Added Pin To Net: NetName=NetC16_2 Pin=C16-2
Added Pin To Net: NetName=NetC16_2 Pin=C?-1
Added Pin To Net: NetName=NetC16_2 Pin=C?-1
Added Pin To Net: NetName=NetC16_2 Pin=L5-2
Added Pin To Net: NetName=NetC16_2 Pin=TEC2-2
Added Net: Name=NetC16_2
Added Member To Class: ClassName=TECBoard Member=Component C? 10µF
Added Member To Class: ClassName=TECBoard Member=Component TEC2 High-Power Connector 2p
Added Room: Name=ControlBoard
Added Room: Name=IOBoard
Added Room: Name=TECBoard
