Added Component: Designator=C1(CAPC1608N)
Added Component: Designator=C2(CAPC1608N)
Added Component: Designator=C3(CAPC2012N)
Added Component: Designator=C4(CAPC1608N)
Added Component: Designator=C5(CAPC2012N)
Added Component: Designator=C6(CAPC1608N)
Added Component: Designator=C7(CAPC1608N)
Added Component: Designator=C8(CAPC2012N)
Added Component: Designator=C9(CAPC2012N)
Added Component: Designator=C10(CAPC3225N)
Added Component: Designator=C11(CAPC3225N)
Added Component: Designator=C12(CAPC3225N)
Added Component: Designator=C13(CAPC3225N)
Added Component: Designator=C14(CAPC3225N)
Added Component: Designator=C15(CAPC3225N)
Added Component: Designator=C16(CAPC3225N)
Added Component: Designator=C17(CAPC1608N)
Added Component: Designator=C18(CAPC1608N)
Added Component: Designator=C19(CAPC1608N)
Added Component: Designator=C20(CAPC1608N)
Added Component: Designator=C21(CAPPR7.5-18x35.5)
Added Component: Designator=C22(CAPPR2.5-6.3x15)
Added Component: Designator=C23(CAPC1608N)
Added Component: Designator=C24(CAPC1608N)
Added Component: Designator=C25(CAPC1608N)
Added Component: Designator=C26(CAPC1608N)
Added Component: Designator=C27(CAPC1608N)
Added Component: Designator=C28(CAPC1608N)
Added Component: Designator=C29(CAPPR3.5-8x15)
Added Component: Designator=C30(CAPC1608N)
Added Component: Designator=C31(CAPC1608N)
Added Component: Designator=C32(CAPC1608N)
Added Component: Designator=C33(CAPC1608N)
Added Component: Designator=CONN1(USB/SM0.8-4H5)
Added Component: Designator=D2(SOT323)
Added Component: Designator=EXP_I2C(HDR1X4)
Added Component: Designator=EXP_OW(HDR1X3)
Added Component: Designator=L2(INDC5750N)
Added Component: Designator=L3(INDC5750N)
Added Component: Designator=L4(INDC5750N)
Added Component: Designator=L5(INDC5750N)
Added Component: Designator=LCD(HDR1X16)
Added Component: Designator=OpIUM_DATA(MHDR1X4)
Added Component: Designator=OpIUM_PWR(HDR1X2)
Added Component: Designator=P_ICSP(HDR1X6)
Added Component: Designator=R1(RESC1608N)
Added Component: Designator=R2(RESC1608N)
Added Component: Designator=R3(RESC1608N)
Added Component: Designator=R4(RESC2012N)
Added Component: Designator=R5(RESC2012N)
Added Component: Designator=R6(RESC2012N)
Added Component: Designator=R7(RESC2012N)
Added Component: Designator=R8(RESC1608N)
Added Component: Designator=R9(RESC2012N)
Added Component: Designator=R10(RESC1608N)
Added Component: Designator=R11(RESC1608N)
Added Component: Designator=R12(RESC2012N)
Added Component: Designator=R13(RESC2012N)
Added Component: Designator=R14(RESC1608N)
Added Component: Designator=R15(RESC2012N)
Added Component: Designator=R16(RESC2012N)
Added Component: Designator=R17(RESC1608N)
Added Component: Designator=R18(RESC1608N)
Added Component: Designator=R19(RESC1608N)
Added Component: Designator=R20(RESC1608N)
Added Component: Designator=R21(RESC1608N)
Added Component: Designator=R22(RESC1608N)
Added Component: Designator=R23(RESC2012N)
Added Component: Designator=R_GND(RESC1608N)
Added Component: Designator=Rbacklight(RESC1608N)
Added Component: Designator=SUPPORT1(MHDR1X2)
Added Component: Designator=SUPPORT2(MHDR1X2)
Added Component: Designator=SUPPORT3(MHDR1X2)
Added Component: Designator=SUPPORT4(MHDR1X2)
Added Component: Designator=U1(TQFP-PT44_N)
Added Component: Designator=U2(SOT23-6_N)
Added Component: Designator=U4(TO-92A)
Added Component: Designator=U5(SOT223-6N)
Added Pin To Net: NetName=AGND Pin=C24-2
Added Pin To Net: NetName=AGND Pin=R21-2
Added Pin To Net: NetName=AGND Pin=R22-1
Added Pin To Net: NetName=AGND Pin=R23-1
Added Net: Name=AGND
Added Pin To Net: NetName=GND Pin=C5-1
Added Pin To Net: NetName=GND Pin=C6-2
Added Pin To Net: NetName=GND Pin=C10-1
Added Pin To Net: NetName=GND Pin=C11-1
Added Pin To Net: NetName=GND Pin=C12-1
Added Pin To Net: NetName=GND Pin=C15-1
Added Pin To Net: NetName=GND Pin=C16-1
Added Pin To Net: NetName=GND Pin=C17-1
Added Pin To Net: NetName=GND Pin=C18-1
Added Pin To Net: NetName=GND Pin=C19-1
Added Pin To Net: NetName=GND Pin=C20-1
Added Pin To Net: NetName=GND Pin=C21-2
Added Pin To Net: NetName=GND Pin=C22-2
Added Pin To Net: NetName=GND Pin=C23-1
Added Pin To Net: NetName=GND Pin=C25-1
Added Pin To Net: NetName=GND Pin=C26-1
Added Pin To Net: NetName=GND Pin=C27-1
Added Pin To Net: NetName=GND Pin=C28-1
Added Pin To Net: NetName=GND Pin=C29-2
Added Pin To Net: NetName=GND Pin=CONN1-4
Added Pin To Net: NetName=GND Pin=CONN1-5
Added Pin To Net: NetName=GND Pin=R11-1
Added Pin To Net: NetName=GND Pin=R21-1
Added Pin To Net: NetName=GND Pin=R_GND-1
Added Pin To Net: NetName=GND Pin=U2-2
Added Net: Name=GND
Added Pin To Net: NetName=NetB1_1 Pin=U1-27
Added Net: Name=NetB1_1
Added Pin To Net: NetName=NetB1_2 Pin=LCD-11
Added Pin To Net: NetName=NetB1_2 Pin=R17-1
Added Pin To Net: NetName=NetB1_2 Pin=U1-2
Added Net: Name=NetB1_2
Added Pin To Net: NetName=NetB2_1 Pin=U1-26
Added Net: Name=NetB2_1
Added Pin To Net: NetName=NetB3_2 Pin=LCD-12
Added Pin To Net: NetName=NetB3_2 Pin=R18-1
Added Pin To Net: NetName=NetB3_2 Pin=U1-3
Added Net: Name=NetB3_2
Added Pin To Net: NetName=NetB5_2 Pin=LCD-13
Added Pin To Net: NetName=NetB5_2 Pin=R19-1
Added Pin To Net: NetName=NetB5_2 Pin=U1-4
Added Net: Name=NetB5_2
Added Pin To Net: NetName=NetB7_2 Pin=LCD-14
Added Pin To Net: NetName=NetB7_2 Pin=R20-1
Added Pin To Net: NetName=NetB7_2 Pin=U1-5
Added Net: Name=NetB7_2
Added Pin To Net: NetName=NetC1_1 Pin=C1-1
Added Pin To Net: NetName=NetC1_1 Pin=U2-6
Added Net: Name=NetC1_1
Added Pin To Net: NetName=NetC1_2 Pin=C1-2
Added Pin To Net: NetName=NetC1_2 Pin=D2-3
Added Pin To Net: NetName=NetC1_2 Pin=U2-1
Added Net: Name=NetC1_2
Added Pin To Net: NetName=NetC3_2 Pin=C3-2
Added Pin To Net: NetName=NetC3_2 Pin=U1-23
Added Net: Name=NetC3_2
Added Pin To Net: NetName=NetC11_2 Pin=C11-2
Added Pin To Net: NetName=NetC11_2 Pin=C12-2
Added Pin To Net: NetName=NetC11_2 Pin=C13-2
Added Pin To Net: NetName=NetC11_2 Pin=C14-2
Added Pin To Net: NetName=NetC11_2 Pin=L2-2
Added Pin To Net: NetName=NetC11_2 Pin=L3-2
Added Net: Name=NetC11_2
Added Pin To Net: NetName=NetC13_1 Pin=C13-1
Added Pin To Net: NetName=NetC13_1 Pin=C14-1
Added Pin To Net: NetName=NetC13_1 Pin=C15-2
Added Pin To Net: NetName=NetC13_1 Pin=C16-2
Added Pin To Net: NetName=NetC13_1 Pin=L4-2
Added Pin To Net: NetName=NetC13_1 Pin=L5-2
Added Net: Name=NetC13_1
Added Pin To Net: NetName=NetC24_1 Pin=C24-1
Added Net: Name=NetC24_1
Added Pin To Net: NetName=NetC30_1 Pin=C30-1
Added Net: Name=NetC30_1
Added Pin To Net: NetName=NetC30_2 Pin=C30-2
Added Pin To Net: NetName=NetC30_2 Pin=L2-1
Added Net: Name=NetC30_2
Added Pin To Net: NetName=NetC31_1 Pin=C31-1
Added Net: Name=NetC31_1
Added Pin To Net: NetName=NetC31_2 Pin=C31-2
Added Pin To Net: NetName=NetC31_2 Pin=L3-1
Added Net: Name=NetC31_2
Added Pin To Net: NetName=NetC32_1 Pin=C32-1
Added Net: Name=NetC32_1
Added Pin To Net: NetName=NetC32_2 Pin=C32-2
Added Pin To Net: NetName=NetC32_2 Pin=L4-1
Added Net: Name=NetC32_2
Added Pin To Net: NetName=NetC33_1 Pin=C33-1
Added Net: Name=NetC33_1
Added Pin To Net: NetName=NetC33_2 Pin=C33-2
Added Pin To Net: NetName=NetC33_2 Pin=L5-1
Added Net: Name=NetC33_2
Added Pin To Net: NetName=NetCONN1_2 Pin=CONN1-2
Added Pin To Net: NetName=NetCONN1_2 Pin=U1-42
Added Net: Name=NetCONN1_2
Added Pin To Net: NetName=NetCONN1_3 Pin=CONN1-3
Added Pin To Net: NetName=NetCONN1_3 Pin=U1-43
Added Net: Name=NetCONN1_3
Added Pin To Net: NetName=NetEXP_I2C_2 Pin=EXP_I2C-2
Added Pin To Net: NetName=NetEXP_I2C_2 Pin=U1-38
Added Net: Name=NetEXP_I2C_2
Added Pin To Net: NetName=NetEXP_I2C_3 Pin=EXP_I2C-3
Added Pin To Net: NetName=NetEXP_I2C_3 Pin=U1-39
Added Net: Name=NetEXP_I2C_3
Added Pin To Net: NetName=NetEXP_OW_2 Pin=EXP_OW-2
Added Pin To Net: NetName=NetEXP_OW_2 Pin=R1-1
Added Pin To Net: NetName=NetEXP_OW_2 Pin=U1-14
Added Pin To Net: NetName=NetEXP_OW_2 Pin=U4-2
Added Net: Name=NetEXP_OW_2
Added Pin To Net: NetName=NetLCD_3 Pin=LCD-3
Added Pin To Net: NetName=NetLCD_3 Pin=R8-1
Added Pin To Net: NetName=NetLCD_3 Pin=R14-1
Added Net: Name=NetLCD_3
Added Pin To Net: NetName=NetLCD_4 Pin=LCD-4
Added Pin To Net: NetName=NetLCD_4 Pin=U1-24
Added Net: Name=NetLCD_4
Added Pin To Net: NetName=NetLCD_6 Pin=LCD-6
Added Pin To Net: NetName=NetLCD_6 Pin=U1-31
Added Net: Name=NetLCD_6
Added Pin To Net: NetName=NetLCD_15 Pin=LCD-15
Added Pin To Net: NetName=NetLCD_15 Pin=Rbacklight-2
Added Net: Name=NetLCD_15
Added Pin To Net: NetName=NetLED1_A Pin=U1-32
Added Net: Name=NetLED1_A
Added Pin To Net: NetName=NetLED1_KB Pin=R6-1
Added Net: Name=NetLED1_KB
Added Pin To Net: NetName=NetLED1_KG Pin=R5-1
Added Net: Name=NetLED1_KG
Added Pin To Net: NetName=NetLED1_KR Pin=R4-1
Added Net: Name=NetLED1_KR
Added Pin To Net: NetName=NetLED2_A Pin=U1-36
Added Net: Name=NetLED2_A
Added Pin To Net: NetName=NetLED2_KB Pin=R12-1
Added Net: Name=NetLED2_KB
Added Pin To Net: NetName=NetLED2_KG Pin=R9-1
Added Net: Name=NetLED2_KG
Added Pin To Net: NetName=NetLED2_KR Pin=R7-1
Added Net: Name=NetLED2_KR
Added Pin To Net: NetName=NetLED3_A Pin=U1-9
Added Net: Name=NetLED3_A
Added Pin To Net: NetName=NetLED3_KB Pin=R16-1
Added Net: Name=NetLED3_KB
Added Pin To Net: NetName=NetLED3_KG Pin=R15-1
Added Net: Name=NetLED3_KG
Added Pin To Net: NetName=NetLED3_KR Pin=R13-1
Added Net: Name=NetLED3_KR
Added Pin To Net: NetName=NetLED4_A Pin=R2-1
Added Net: Name=NetLED4_A
Added Pin To Net: NetName=NetOpIUM_DATA_1 Pin=OpIUM_DATA-1
Added Pin To Net: NetName=NetOpIUM_DATA_1 Pin=U1-10
Added Net: Name=NetOpIUM_DATA_1
Added Pin To Net: NetName=NetOpIUM_DATA_3 Pin=OpIUM_DATA-3
Added Pin To Net: NetName=NetOpIUM_DATA_3 Pin=U1-11
Added Net: Name=NetOpIUM_DATA_3
Added Pin To Net: NetName=NetOpIUM_DATA_4 Pin=OpIUM_DATA-4
Added Pin To Net: NetName=NetOpIUM_DATA_4 Pin=R2-2
Added Net: Name=NetOpIUM_DATA_4
Added Pin To Net: NetName=NetP_ICSP_1 Pin=P_ICSP-1
Added Pin To Net: NetName=NetP_ICSP_1 Pin=R3-1
Added Pin To Net: NetName=NetP_ICSP_1 Pin=U1-18
Added Net: Name=NetP_ICSP_1
Added Pin To Net: NetName=NetP_ICSP_4 Pin=P_ICSP-4
Added Pin To Net: NetName=NetP_ICSP_4 Pin=U1-17
Added Net: Name=NetP_ICSP_4
Added Pin To Net: NetName=NetP_ICSP_5 Pin=P_ICSP-5
Added Pin To Net: NetName=NetP_ICSP_5 Pin=U1-16
Added Net: Name=NetP_ICSP_5
Added Pin To Net: NetName=NetR4_2 Pin=R4-2
Added Pin To Net: NetName=NetR4_2 Pin=R7-2
Added Pin To Net: NetName=NetR4_2 Pin=R13-2
Added Pin To Net: NetName=NetR4_2 Pin=U1-35
Added Net: Name=NetR4_2
Added Pin To Net: NetName=NetR5_2 Pin=R5-2
Added Pin To Net: NetName=NetR5_2 Pin=R9-2
Added Pin To Net: NetName=NetR5_2 Pin=R15-2
Added Pin To Net: NetName=NetR5_2 Pin=U1-44
Added Net: Name=NetR5_2
Added Pin To Net: NetName=NetR6_2 Pin=R6-2
Added Pin To Net: NetName=NetR6_2 Pin=R12-2
Added Pin To Net: NetName=NetR6_2 Pin=R16-2
Added Pin To Net: NetName=NetR6_2 Pin=U1-1
Added Net: Name=NetR6_2
Added Pin To Net: NetName=NetR10_1 Pin=R10-1
Added Pin To Net: NetName=NetR10_1 Pin=R11-2
Added Pin To Net: NetName=NetR10_1 Pin=U2-3
Added Net: Name=NetR10_1
Added Pin To Net: NetName=NetR22_2 Pin=R22-2
Added Pin To Net: NetName=NetR22_2 Pin=U1-25
Added Net: Name=NetR22_2
Added Pin To Net: NetName=NetR23_2 Pin=R23-2
Added Net: Name=NetR23_2
Added Pin To Net: NetName=NetU1_8 Pin=U1-8
Added Net: Name=NetU1_8
Added Pin To Net: NetName=NetU1_15 Pin=U1-15
Added Net: Name=NetU1_15
Added Pin To Net: NetName=NetU1_19 Pin=U1-19
Added Net: Name=NetU1_19
Added Pin To Net: NetName=NetU1_20 Pin=U1-20
Added Net: Name=NetU1_20
Added Pin To Net: NetName=NetU1_21 Pin=U1-21
Added Net: Name=NetU1_21
Added Pin To Net: NetName=NetU1_22 Pin=U1-22
Added Net: Name=NetU1_22
Added Pin To Net: NetName=NetU1_30 Pin=U1-30
Added Net: Name=NetU1_30
Added Pin To Net: NetName=NetU1_40 Pin=U1-40
Added Net: Name=NetU1_40
Added Pin To Net: NetName=NetU1_41 Pin=U1-41
Added Net: Name=NetU1_41
Added Pin To Net: NetName=V3.3 Pin=C2-2
Added Pin To Net: NetName=V3.3 Pin=C4-2
Added Pin To Net: NetName=V3.3 Pin=C7-2
Added Pin To Net: NetName=V3.3 Pin=C9-2
Added Pin To Net: NetName=V3.3 Pin=EXP_OW-1
Added Pin To Net: NetName=V3.3 Pin=P_ICSP-2
Added Pin To Net: NetName=V3.3 Pin=R1-2
Added Pin To Net: NetName=V3.3 Pin=R3-2
Added Pin To Net: NetName=V3.3 Pin=U1-7
Added Pin To Net: NetName=V3.3 Pin=U1-28
Added Pin To Net: NetName=V3.3 Pin=U1-37
Added Pin To Net: NetName=V3.3 Pin=U4-3
Added Pin To Net: NetName=V3.3 Pin=U5-4
Added Pin To Net: NetName=V3.3 Pin=U5-5
Added Net: Name=V3.3
Added Pin To Net: NetName=V5 Pin=C5-2
Added Pin To Net: NetName=V5 Pin=C8-2
Added Pin To Net: NetName=V5 Pin=D2-1
Added Pin To Net: NetName=V5 Pin=LCD-2
Added Pin To Net: NetName=V5 Pin=OpIUM_PWR-1
Added Pin To Net: NetName=V5 Pin=R8-2
Added Pin To Net: NetName=V5 Pin=R10-2
Added Pin To Net: NetName=V5 Pin=Rbacklight-1
Added Pin To Net: NetName=V5 Pin=U5-1
Added Pin To Net: NetName=V5 Pin=U5-2
Added Net: Name=V5
Added Pin To Net: NetName=V12 Pin=C6-1
Added Pin To Net: NetName=V12 Pin=C10-2
Added Pin To Net: NetName=V12 Pin=C17-2
Added Pin To Net: NetName=V12 Pin=C18-2
Added Pin To Net: NetName=V12 Pin=C19-2
Added Pin To Net: NetName=V12 Pin=C20-2
Added Pin To Net: NetName=V12 Pin=C21-1
Added Pin To Net: NetName=V12 Pin=C22-1
Added Pin To Net: NetName=V12 Pin=C23-2
Added Pin To Net: NetName=V12 Pin=C25-2
Added Pin To Net: NetName=V12 Pin=C26-2
Added Pin To Net: NetName=V12 Pin=C27-2
Added Pin To Net: NetName=V12 Pin=C28-2
Added Pin To Net: NetName=V12 Pin=C29-1
Added Pin To Net: NetName=V12 Pin=EXP_I2C-1
Added Pin To Net: NetName=V12 Pin=U2-4
Added Pin To Net: NetName=V12 Pin=U2-5
Added Net: Name=V12
Added Pin To Net: NetName=VSS Pin=C2-1
Added Pin To Net: NetName=VSS Pin=C3-1
Added Pin To Net: NetName=VSS Pin=C4-1
Added Pin To Net: NetName=VSS Pin=C7-1
Added Pin To Net: NetName=VSS Pin=C8-1
Added Pin To Net: NetName=VSS Pin=C9-1
Added Pin To Net: NetName=VSS Pin=EXP_I2C-4
Added Pin To Net: NetName=VSS Pin=EXP_OW-3
Added Pin To Net: NetName=VSS Pin=LCD-1
Added Pin To Net: NetName=VSS Pin=LCD-5
Added Pin To Net: NetName=VSS Pin=LCD-7
Added Pin To Net: NetName=VSS Pin=LCD-8
Added Pin To Net: NetName=VSS Pin=LCD-9
Added Pin To Net: NetName=VSS Pin=LCD-10
Added Pin To Net: NetName=VSS Pin=LCD-16
Added Pin To Net: NetName=VSS Pin=OpIUM_PWR-2
Added Pin To Net: NetName=VSS Pin=P_ICSP-3
Added Pin To Net: NetName=VSS Pin=R14-2
Added Pin To Net: NetName=VSS Pin=R17-2
Added Pin To Net: NetName=VSS Pin=R18-2
Added Pin To Net: NetName=VSS Pin=R19-2
Added Pin To Net: NetName=VSS Pin=R20-2
Added Pin To Net: NetName=VSS Pin=R_GND-2
Added Pin To Net: NetName=VSS Pin=SUPPORT1-1
Added Pin To Net: NetName=VSS Pin=SUPPORT1-2
Added Pin To Net: NetName=VSS Pin=SUPPORT2-1
Added Pin To Net: NetName=VSS Pin=SUPPORT2-2
Added Pin To Net: NetName=VSS Pin=SUPPORT3-1
Added Pin To Net: NetName=VSS Pin=SUPPORT3-2
Added Pin To Net: NetName=VSS Pin=SUPPORT4-1
Added Pin To Net: NetName=VSS Pin=SUPPORT4-2
Added Pin To Net: NetName=VSS Pin=U1-6
Added Pin To Net: NetName=VSS Pin=U1-29
Added Pin To Net: NetName=VSS Pin=U4-1
Added Pin To Net: NetName=VSS Pin=U5-3
Added Pin To Net: NetName=VSS Pin=U5-6
Added Net: Name=VSS
Added Class: Name=ControlBoard
Added Class: Name=IOBoard
Added Class: Name=TECBoard
Added Room: Name=ControlBoard
Added Room: Name=IOBoard
Added Room: Name=TECBoard
