Change Component Designator: Old Designator=C? New Designator=C11
Change Component Designator: Old Designator=C? New Designator=C12
Change Component Designator: Old Designator=C? New Designator=C13
Change Component Designator: Old Designator=C? New Designator=C14
Change Component Designator: Old Designator=C? New Designator=C15
Change Component Designator: Old Designator=C? New Designator=C16
Change Component Designator: Old Designator=Cbst? New Designator=Cbst1
Change Component Designator: Old Designator=Cbst? New Designator=Cbst2
Change Component Designator: Old Designator=Cbst? New Designator=Cbst3
Change Component Designator: Old Designator=Cbst? New Designator=Cbst4
Change Component Designator: Old Designator=Cbulk? New Designator=Cbulk1
Change Component Designator: Old Designator=Cbulk? New Designator=Cbulk2
Change Component Designator: Old Designator=Cbulk? New Designator=Cbulk3
Change Component Designator: Old Designator=Cdec? New Designator=Cdec1
Change Component Designator: Old Designator=Cdec? New Designator=Cdec2
Change Component Designator: Old Designator=Cdec? New Designator=Cdec3
Change Component Designator: Old Designator=Cdec? New Designator=Cdec4
Change Component Designator: Old Designator=Cdec? New Designator=Cdec5
Change Component Designator: Old Designator=Cdec? New Designator=Cdec6
Change Component Designator: Old Designator=Cdec? New Designator=Cdec7
Change Component Designator: Old Designator=Cdec? New Designator=Cdec8
Change Component Designator: Old Designator=Cdec? New Designator=Cdec9
Change Component Designator: Old Designator=Cdec? New Designator=Cdec10
Change Component Designator: Old Designator=L? New Designator=L2
Change Component Designator: Old Designator=L? New Designator=L3
Change Component Designator: Old Designator=L? New Designator=L4
Change Component Designator: Old Designator=L? New Designator=L5
Change Component Designator: Old Designator=P? New Designator=P1
Change Component Designator: Old Designator=R? New Designator=R21
Change Component Designator: Old Designator=R? New Designator=R22
Change Component Designator: Old Designator=R_OC? New Designator=R_OC1
